2022-06-23 08:14:36,849: Hostname:HRC-1253433.saude.df.gov.br - Ping error: Command '['ping', 'HRC-1253433.saude.df.gov.br']' returned non-zero exit status 1.
2022-06-23 08:14:39,894: Something went wrong with SELENIUM: Message: no such element: Unable to locate element: {"method":"xpath","selector":"/html/body/table/tbody/tr[1]/td/div[1]/form[1]/select"}
  (Session info: chrome=102.0.5005.63)
Stacktrace:
Backtrace:
	Ordinal0 [0x00C6D953+2414931]
	Ordinal0 [0x00BFF5E1+1963489]
	Ordinal0 [0x00AEC6B8+837304]
	Ordinal0 [0x00B19500+1021184]
	Ordinal0 [0x00B1979B+1021851]
	Ordinal0 [0x00B46502+1205506]
	Ordinal0 [0x00B344E4+1131748]
	Ordinal0 [0x00B44812+1198098]
	Ordinal0 [0x00B342B6+1131190]
	Ordinal0 [0x00B0E860+976992]
	Ordinal0 [0x00B0F756+980822]
	GetHandleVerifier [0x00EDCC62+2510274]
	GetHandleVerifier [0x00ECF760+2455744]
	GetHandleVerifier [0x00CFEABA+551962]
	GetHandleVerifier [0x00CFD916+547446]
	Ordinal0 [0x00C05F3B+1990459]
	Ordinal0 [0x00C0A898+2009240]
	Ordinal0 [0x00C0A985+2009477]
	Ordinal0 [0x00C13AD1+2046673]
	BaseThreadInitThunk [0x7603FA29+25]
	RtlGetAppContainerNamedObjectPath [0x773E7A9E+286]
	RtlGetAppContainerNamedObjectPath [0x773E7A6E+238]
.
Restarting the programming...
2022-06-23 08:20:55,395: Unexpected error!.
Error: ('Connection aborted.', ConnectionResetError(10054, 'Foi forçado o cancelamento de uma conexão existente pelo host remoto', None, 10054, None))
2022-06-23 08:22:47,974: Hostname:HRC-1253433.saude.df.gov.br - Ping error: Command '['ping', 'HRC-1253433.saude.df.gov.br']' returned non-zero exit status 1.
2022-06-23 08:22:51,017: Something went wrong with SELENIUM: Message: no such element: Unable to locate element: {"method":"xpath","selector":"/html/body/table/tbody/tr[1]/td/div[1]/form[1]/select"}
  (Session info: chrome=102.0.5005.63)
Stacktrace:
Backtrace:
	Ordinal0 [0x00C6D953+2414931]
	Ordinal0 [0x00BFF5E1+1963489]
	Ordinal0 [0x00AEC6B8+837304]
	Ordinal0 [0x00B19500+1021184]
	Ordinal0 [0x00B1979B+1021851]
	Ordinal0 [0x00B46502+1205506]
	Ordinal0 [0x00B344E4+1131748]
	Ordinal0 [0x00B44812+1198098]
	Ordinal0 [0x00B342B6+1131190]
	Ordinal0 [0x00B0E860+976992]
	Ordinal0 [0x00B0F756+980822]
	GetHandleVerifier [0x00EDCC62+2510274]
	GetHandleVerifier [0x00ECF760+2455744]
	GetHandleVerifier [0x00CFEABA+551962]
	GetHandleVerifier [0x00CFD916+547446]
	Ordinal0 [0x00C05F3B+1990459]
	Ordinal0 [0x00C0A898+2009240]
	Ordinal0 [0x00C0A985+2009477]
	Ordinal0 [0x00C13AD1+2046673]
	BaseThreadInitThunk [0x7603FA29+25]
	RtlGetAppContainerNamedObjectPath [0x773E7A9E+286]
	RtlGetAppContainerNamedObjectPath [0x773E7A6E+238]
.
Restarting the programming...
2022-06-23 08:24:11,024: Hostname:HRC-1253433.saude.df.gov.br - Ping error: Command '['ping', 'HRC-1253433.saude.df.gov.br']' returned non-zero exit status 1.
2022-06-23 08:24:14,073: Something went wrong with SELENIUM: Message: no such element: Unable to locate element: {"method":"xpath","selector":"/html/body/table/tbody/tr[1]/td/div[1]/form[1]/select"}
  (Session info: chrome=102.0.5005.63)
Stacktrace:
Backtrace:
	Ordinal0 [0x00C6D953+2414931]
	Ordinal0 [0x00BFF5E1+1963489]
	Ordinal0 [0x00AEC6B8+837304]
	Ordinal0 [0x00B19500+1021184]
	Ordinal0 [0x00B1979B+1021851]
	Ordinal0 [0x00B46502+1205506]
	Ordinal0 [0x00B344E4+1131748]
	Ordinal0 [0x00B44812+1198098]
	Ordinal0 [0x00B342B6+1131190]
	Ordinal0 [0x00B0E860+976992]
	Ordinal0 [0x00B0F756+980822]
	GetHandleVerifier [0x00EDCC62+2510274]
	GetHandleVerifier [0x00ECF760+2455744]
	GetHandleVerifier [0x00CFEABA+551962]
	GetHandleVerifier [0x00CFD916+547446]
	Ordinal0 [0x00C05F3B+1990459]
	Ordinal0 [0x00C0A898+2009240]
	Ordinal0 [0x00C0A985+2009477]
	Ordinal0 [0x00C13AD1+2046673]
	BaseThreadInitThunk [0x7603FA29+25]
	RtlGetAppContainerNamedObjectPath [0x773E7A9E+286]
	RtlGetAppContainerNamedObjectPath [0x773E7A6E+238]
.
Restarting the programming...
2022-06-23 08:25:28,660: Hostname:HRC-1253433.saude.df.gov.br - Ping error: Command '['ping', 'HRC-1253433.saude.df.gov.br']' returned non-zero exit status 1.
2022-06-23 08:25:31,723: Something went wrong with SELENIUM: Message: no such element: Unable to locate element: {"method":"xpath","selector":"/html/body/table/tbody/tr[1]/td/div[1]/form[1]/select"}
  (Session info: chrome=102.0.5005.63)
Stacktrace:
Backtrace:
	Ordinal0 [0x00C6D953+2414931]
	Ordinal0 [0x00BFF5E1+1963489]
	Ordinal0 [0x00AEC6B8+837304]
	Ordinal0 [0x00B19500+1021184]
	Ordinal0 [0x00B1979B+1021851]
	Ordinal0 [0x00B46502+1205506]
	Ordinal0 [0x00B344E4+1131748]
	Ordinal0 [0x00B44812+1198098]
	Ordinal0 [0x00B342B6+1131190]
	Ordinal0 [0x00B0E860+976992]
	Ordinal0 [0x00B0F756+980822]
	GetHandleVerifier [0x00EDCC62+2510274]
	GetHandleVerifier [0x00ECF760+2455744]
	GetHandleVerifier [0x00CFEABA+551962]
	GetHandleVerifier [0x00CFD916+547446]
	Ordinal0 [0x00C05F3B+1990459]
	Ordinal0 [0x00C0A898+2009240]
	Ordinal0 [0x00C0A985+2009477]
	Ordinal0 [0x00C13AD1+2046673]
	BaseThreadInitThunk [0x7603FA29+25]
	RtlGetAppContainerNamedObjectPath [0x773E7A9E+286]
	RtlGetAppContainerNamedObjectPath [0x773E7A6E+238]
.
Restarting the programming...
2022-06-23 08:26:49,598: Hostname:HRC-1253433.saude.df.gov.br - Ping error: Command '['ping', 'HRC-1253433.saude.df.gov.br']' returned non-zero exit status 1.
2022-06-23 08:26:52,633: Something went wrong with SELENIUM: Message: no such element: Unable to locate element: {"method":"xpath","selector":"/html/body/table/tbody/tr[1]/td/div[1]/form[1]/select"}
  (Session info: chrome=102.0.5005.63)
Stacktrace:
Backtrace:
	Ordinal0 [0x00C6D953+2414931]
	Ordinal0 [0x00BFF5E1+1963489]
	Ordinal0 [0x00AEC6B8+837304]
	Ordinal0 [0x00B19500+1021184]
	Ordinal0 [0x00B1979B+1021851]
	Ordinal0 [0x00B46502+1205506]
	Ordinal0 [0x00B344E4+1131748]
	Ordinal0 [0x00B44812+1198098]
	Ordinal0 [0x00B342B6+1131190]
	Ordinal0 [0x00B0E860+976992]
	Ordinal0 [0x00B0F756+980822]
	GetHandleVerifier [0x00EDCC62+2510274]
	GetHandleVerifier [0x00ECF760+2455744]
	GetHandleVerifier [0x00CFEABA+551962]
	GetHandleVerifier [0x00CFD916+547446]
	Ordinal0 [0x00C05F3B+1990459]
	Ordinal0 [0x00C0A898+2009240]
	Ordinal0 [0x00C0A985+2009477]
	Ordinal0 [0x00C13AD1+2046673]
	BaseThreadInitThunk [0x7603FA29+25]
	RtlGetAppContainerNamedObjectPath [0x773E7A9E+286]
	RtlGetAppContainerNamedObjectPath [0x773E7A6E+238]
.
Restarting the programming...
2022-06-23 08:31:30,853 - (levelerror: ERROR): Hostname:HRC-1253433.saude.df.gov.br - Ping error: Command '['ping', 'HRC-1253433.saude.df.gov.br']' returned non-zero exit status 1.
2022-06-23 08:31:33,897 - (levelerror: CRITICAL): Something went wrong with SELENIUM: Message: no such element: Unable to locate element: {"method":"xpath","selector":"/html/body/table/tbody/tr[1]/td/div[1]/form[1]/select"}
  (Session info: chrome=102.0.5005.63)
Stacktrace:
Backtrace:
	Ordinal0 [0x00C6D953+2414931]
	Ordinal0 [0x00BFF5E1+1963489]
	Ordinal0 [0x00AEC6B8+837304]
	Ordinal0 [0x00B19500+1021184]
	Ordinal0 [0x00B1979B+1021851]
	Ordinal0 [0x00B46502+1205506]
	Ordinal0 [0x00B344E4+1131748]
	Ordinal0 [0x00B44812+1198098]
	Ordinal0 [0x00B342B6+1131190]
	Ordinal0 [0x00B0E860+976992]
	Ordinal0 [0x00B0F756+980822]
	GetHandleVerifier [0x00EDCC62+2510274]
	GetHandleVerifier [0x00ECF760+2455744]
	GetHandleVerifier [0x00CFEABA+551962]
	GetHandleVerifier [0x00CFD916+547446]
	Ordinal0 [0x00C05F3B+1990459]
	Ordinal0 [0x00C0A898+2009240]
	Ordinal0 [0x00C0A985+2009477]
	Ordinal0 [0x00C13AD1+2046673]
	BaseThreadInitThunk [0x7603FA29+25]
	RtlGetAppContainerNamedObjectPath [0x773E7A9E+286]
	RtlGetAppContainerNamedObjectPath [0x773E7A6E+238]
.
Restarting the programming...
2022-06-23 08:31:57,346 - (levelerror: ERROR): Hostname:HRC-1253433.saude.df.gov.br - Ping error: Command '['ping', 'HRC-1253433.saude.df.gov.br']' returned non-zero exit status 1.
2022-06-23 08:32:00,403 - (levelerror: CRITICAL): Something went wrong with SELENIUM: Message: no such element: Unable to locate element: {"method":"xpath","selector":"/html/body/table/tbody/tr[1]/td/div[1]/form[1]/select"}
  (Session info: chrome=102.0.5005.63)
Stacktrace:
Backtrace:
	Ordinal0 [0x00C6D953+2414931]
	Ordinal0 [0x00BFF5E1+1963489]
	Ordinal0 [0x00AEC6B8+837304]
	Ordinal0 [0x00B19500+1021184]
	Ordinal0 [0x00B1979B+1021851]
	Ordinal0 [0x00B46502+1205506]
	Ordinal0 [0x00B344E4+1131748]
	Ordinal0 [0x00B44812+1198098]
	Ordinal0 [0x00B342B6+1131190]
	Ordinal0 [0x00B0E860+976992]
	Ordinal0 [0x00B0F756+980822]
	GetHandleVerifier [0x00EDCC62+2510274]
	GetHandleVerifier [0x00ECF760+2455744]
	GetHandleVerifier [0x00CFEABA+551962]
	GetHandleVerifier [0x00CFD916+547446]
	Ordinal0 [0x00C05F3B+1990459]
	Ordinal0 [0x00C0A898+2009240]
	Ordinal0 [0x00C0A985+2009477]
	Ordinal0 [0x00C13AD1+2046673]
	BaseThreadInitThunk [0x7603FA29+25]
	RtlGetAppContainerNamedObjectPath [0x773E7A9E+286]
	RtlGetAppContainerNamedObjectPath [0x773E7A6E+238]
.
Restarting the programming...
2022-06-23 08:32:22,776 - (levelerror: ERROR): Hostname:HRC-1253433.saude.df.gov.br - Ping error: Command '['ping', 'HRC-1253433.saude.df.gov.br']' returned non-zero exit status 1.
2022-06-23 08:32:25,806 - (levelerror: CRITICAL): Something went wrong with SELENIUM: Message: no such element: Unable to locate element: {"method":"xpath","selector":"/html/body/table/tbody/tr[1]/td/div[1]/form[1]/select"}
  (Session info: chrome=102.0.5005.63)
Stacktrace:
Backtrace:
	Ordinal0 [0x00C6D953+2414931]
	Ordinal0 [0x00BFF5E1+1963489]
	Ordinal0 [0x00AEC6B8+837304]
	Ordinal0 [0x00B19500+1021184]
	Ordinal0 [0x00B1979B+1021851]
	Ordinal0 [0x00B46502+1205506]
	Ordinal0 [0x00B344E4+1131748]
	Ordinal0 [0x00B44812+1198098]
	Ordinal0 [0x00B342B6+1131190]
	Ordinal0 [0x00B0E860+976992]
	Ordinal0 [0x00B0F756+980822]
	GetHandleVerifier [0x00EDCC62+2510274]
	GetHandleVerifier [0x00ECF760+2455744]
	GetHandleVerifier [0x00CFEABA+551962]
	GetHandleVerifier [0x00CFD916+547446]
	Ordinal0 [0x00C05F3B+1990459]
	Ordinal0 [0x00C0A898+2009240]
	Ordinal0 [0x00C0A985+2009477]
	Ordinal0 [0x00C13AD1+2046673]
	BaseThreadInitThunk [0x7603FA29+25]
	RtlGetAppContainerNamedObjectPath [0x773E7A9E+286]
	RtlGetAppContainerNamedObjectPath [0x773E7A6E+238]
.
Restarting the programming...
2022-06-23 08:45:01,791 - (levelerror: ERROR): Hostname:HRC-1253433.saude.df.gov.br - Ping error: Command '['ping', 'HRC-1253433.saude.df.gov.br']' returned non-zero exit status 1.
2022-06-23 08:46:34,691 - (levelerror: ERROR): Hostname:HRC-1253433.saude.df.gov.br - Ping error: Command '['ping', 'HRC-1253433.saude.df.gov.br']' returned non-zero exit status 1.
2022-06-23 08:48:47,850 - (levelerror: ERROR): Hostname:HRC-1253433.saude.df.gov.br - Ping error: Command '['ping', 'HRC-1253433.saude.df.gov.br']' returned non-zero exit status 1.
2022-06-23 08:51:06,630 - (levelerror: ERROR): Hostname:HRC-1253433.saude.df.gov.br - Ping error: Command '['ping', 'HRC-1253433.saude.df.gov.br']' returned non-zero exit status 1.
2022-06-23 08:54:57,054 - (levelerror: CRITICAL): Something went wrong with SELENIUM: Message: no such element: Unable to locate element: {"method":"xpath","selector":"/html/body/table/tbody/tr[1]/td/div[1]/form[1]/select"}
  (Session info: chrome=102.0.5005.63)
Stacktrace:
Backtrace:
	Ordinal0 [0x00C6D953+2414931]
	Ordinal0 [0x00BFF5E1+1963489]
	Ordinal0 [0x00AEC6B8+837304]
	Ordinal0 [0x00B19500+1021184]
	Ordinal0 [0x00B1979B+1021851]
	Ordinal0 [0x00B46502+1205506]
	Ordinal0 [0x00B344E4+1131748]
	Ordinal0 [0x00B44812+1198098]
	Ordinal0 [0x00B342B6+1131190]
	Ordinal0 [0x00B0E860+976992]
	Ordinal0 [0x00B0F756+980822]
	GetHandleVerifier [0x00EDCC62+2510274]
	GetHandleVerifier [0x00ECF760+2455744]
	GetHandleVerifier [0x00CFEABA+551962]
	GetHandleVerifier [0x00CFD916+547446]
	Ordinal0 [0x00C05F3B+1990459]
	Ordinal0 [0x00C0A898+2009240]
	Ordinal0 [0x00C0A985+2009477]
	Ordinal0 [0x00C13AD1+2046673]
	BaseThreadInitThunk [0x7603FA29+25]
	RtlGetAppContainerNamedObjectPath [0x773E7A9E+286]
	RtlGetAppContainerNamedObjectPath [0x773E7A6E+238]
.
Restarting the programming...
2022-06-23 09:03:22,756 - (levelerror: CRITICAL): Something went wrong with SELENIUM: Message: no such element: Unable to locate element: {"method":"xpath","selector":"/html/body/table/tbody/tr[1]/td/table[2]/tbody/tr[2]/td[1]"}
  (Session info: chrome=102.0.5005.63)
Stacktrace:
Backtrace:
	Ordinal0 [0x00C6D953+2414931]
	Ordinal0 [0x00BFF5E1+1963489]
	Ordinal0 [0x00AEC6B8+837304]
	Ordinal0 [0x00B19500+1021184]
	Ordinal0 [0x00B1979B+1021851]
	Ordinal0 [0x00B46502+1205506]
	Ordinal0 [0x00B344E4+1131748]
	Ordinal0 [0x00B44812+1198098]
	Ordinal0 [0x00B342B6+1131190]
	Ordinal0 [0x00B0E860+976992]
	Ordinal0 [0x00B0F756+980822]
	GetHandleVerifier [0x00EDCC62+2510274]
	GetHandleVerifier [0x00ECF760+2455744]
	GetHandleVerifier [0x00CFEABA+551962]
	GetHandleVerifier [0x00CFD916+547446]
	Ordinal0 [0x00C05F3B+1990459]
	Ordinal0 [0x00C0A898+2009240]
	Ordinal0 [0x00C0A985+2009477]
	Ordinal0 [0x00C13AD1+2046673]
	BaseThreadInitThunk [0x7603FA29+25]
	RtlGetAppContainerNamedObjectPath [0x773E7A9E+286]
	RtlGetAppContainerNamedObjectPath [0x773E7A6E+238]
.
Restarting the programming...
2022-06-23 09:05:57,342 - (levelerror: CRITICAL): Something went wrong with SELENIUM: Message: no such element: Unable to locate element: {"method":"xpath","selector":"/html/body/table/tbody/tr[1]/td/table[2]/tbody/tr[2]/td[1]"}
  (Session info: chrome=102.0.5005.63)
Stacktrace:
Backtrace:
	Ordinal0 [0x00C6D953+2414931]
	Ordinal0 [0x00BFF5E1+1963489]
	Ordinal0 [0x00AEC6B8+837304]
	Ordinal0 [0x00B19500+1021184]
	Ordinal0 [0x00B1979B+1021851]
	Ordinal0 [0x00B46502+1205506]
	Ordinal0 [0x00B344E4+1131748]
	Ordinal0 [0x00B44812+1198098]
	Ordinal0 [0x00B342B6+1131190]
	Ordinal0 [0x00B0E860+976992]
	Ordinal0 [0x00B0F756+980822]
	GetHandleVerifier [0x00EDCC62+2510274]
	GetHandleVerifier [0x00ECF760+2455744]
	GetHandleVerifier [0x00CFEABA+551962]
	GetHandleVerifier [0x00CFD916+547446]
	Ordinal0 [0x00C05F3B+1990459]
	Ordinal0 [0x00C0A898+2009240]
	Ordinal0 [0x00C0A985+2009477]
	Ordinal0 [0x00C13AD1+2046673]
	BaseThreadInitThunk [0x7603FA29+25]
	RtlGetAppContainerNamedObjectPath [0x773E7A9E+286]
	RtlGetAppContainerNamedObjectPath [0x773E7A6E+238]
.
Restarting the programming...
2022-06-23 10:02:35,614 - (levelerror: CRITICAL): Unexpected error!.
Error: Message: invalid selector: The result of the xpath expression "/html/body/table/tbody/tr[1]/td/table[2]/tbody/tr[1]/td[6]/text()[2]" is: [object Text]. It should be an element.
  (Session info: headless chrome=102.0.5005.63)
Stacktrace:
Backtrace:
	Ordinal0 [0x00C6D953+2414931]
	Ordinal0 [0x00BFF5E1+1963489]
	Ordinal0 [0x00AEC6B8+837304]
	Ordinal0 [0x00AEF0B4+848052]
	Ordinal0 [0x00AEEF72+847730]
	Ordinal0 [0x00AEF200+848384]
	Ordinal0 [0x00B19215+1020437]
	Ordinal0 [0x00B1979B+1021851]
	Ordinal0 [0x00B46502+1205506]
	Ordinal0 [0x00B344E4+1131748]
	Ordinal0 [0x00B44812+1198098]
	Ordinal0 [0x00B342B6+1131190]
	Ordinal0 [0x00B0E860+976992]
	Ordinal0 [0x00B0F756+980822]
	GetHandleVerifier [0x00EDCC62+2510274]
	GetHandleVerifier [0x00ECF760+2455744]
	GetHandleVerifier [0x00CFEABA+551962]
	GetHandleVerifier [0x00CFD916+547446]
	Ordinal0 [0x00C05F3B+1990459]
	Ordinal0 [0x00C0A898+2009240]
	Ordinal0 [0x00C0A985+2009477]
	Ordinal0 [0x00C13AD1+2046673]
	BaseThreadInitThunk [0x7603FA29+25]
	RtlGetAppContainerNamedObjectPath [0x773E7A9E+286]
	RtlGetAppContainerNamedObjectPath [0x773E7A6E+238]

2022-06-23 12:07:21,488 - (levelerror: ERROR): Release not sucessed, something is wrong.
All jobs will be canceled
2022-06-23 12:07:22,098 - (levelerror: ERROR): Release button NOT FOUND, exiting the fuction
2022-06-23 14:10:04,097 - (levelerror: ERROR): Release not sucessed, something is wrong.
All jobs will be canceled
2022-06-23 14:10:04,713 - (levelerror: ERROR): Release button NOT FOUND, exiting the fuction
2022-06-23 14:10:10,685 - (levelerror: CRITICAL): Something went wrong with SELENIUM: Message: no such element: Unable to locate element: {"method":"xpath","selector":"/html/body/table/tbody/tr[1]/td/table[2]/tbody/tr[2]/td[1]"}
  (Session info: headless chrome=102.0.5005.63)
Stacktrace:
Backtrace:
	Ordinal0 [0x0059D953+2414931]
	Ordinal0 [0x0052F5E1+1963489]
	Ordinal0 [0x0041C6B8+837304]
	Ordinal0 [0x00449500+1021184]
	Ordinal0 [0x0044979B+1021851]
	Ordinal0 [0x00476502+1205506]
	Ordinal0 [0x004644E4+1131748]
	Ordinal0 [0x00474812+1198098]
	Ordinal0 [0x004642B6+1131190]
	Ordinal0 [0x0043E860+976992]
	Ordinal0 [0x0043F756+980822]
	GetHandleVerifier [0x0080CC62+2510274]
	GetHandleVerifier [0x007FF760+2455744]
	GetHandleVerifier [0x0062EABA+551962]
	GetHandleVerifier [0x0062D916+547446]
	Ordinal0 [0x00535F3B+1990459]
	Ordinal0 [0x0053A898+2009240]
	Ordinal0 [0x0053A985+2009477]
	Ordinal0 [0x00543AD1+2046673]
	BaseThreadInitThunk [0x7691FA29+25]
	RtlGetAppContainerNamedObjectPath [0x77C07A9E+286]
	RtlGetAppContainerNamedObjectPath [0x77C07A6E+238]
.
Restarting the programming...
2022-06-23 14:28:06,689 - (levelerror: CRITICAL): Something went wrong with SELENIUM: Message: no such element: Unable to locate element: {"method":"xpath","selector":"/html/body/table/tbody/tr[1]/td/table[2]/tbody/tr[2]/td[1]"}
  (Session info: headless chrome=102.0.5005.63)
Stacktrace:
Backtrace:
	Ordinal0 [0x0059D953+2414931]
	Ordinal0 [0x0052F5E1+1963489]
	Ordinal0 [0x0041C6B8+837304]
	Ordinal0 [0x00449500+1021184]
	Ordinal0 [0x0044979B+1021851]
	Ordinal0 [0x00476502+1205506]
	Ordinal0 [0x004644E4+1131748]
	Ordinal0 [0x00474812+1198098]
	Ordinal0 [0x004642B6+1131190]
	Ordinal0 [0x0043E860+976992]
	Ordinal0 [0x0043F756+980822]
	GetHandleVerifier [0x0080CC62+2510274]
	GetHandleVerifier [0x007FF760+2455744]
	GetHandleVerifier [0x0062EABA+551962]
	GetHandleVerifier [0x0062D916+547446]
	Ordinal0 [0x00535F3B+1990459]
	Ordinal0 [0x0053A898+2009240]
	Ordinal0 [0x0053A985+2009477]
	Ordinal0 [0x00543AD1+2046673]
	BaseThreadInitThunk [0x7691FA29+25]
	RtlGetAppContainerNamedObjectPath [0x77C07A9E+286]
	RtlGetAppContainerNamedObjectPath [0x77C07A6E+238]
.
Restarting the programming...
2022-06-23 14:29:50,898 - (levelerror: ERROR): Release not sucessed, something is wrong.
All jobs will be canceled
2022-06-23 14:29:53,986 - (levelerror: ERROR): Release button NOT FOUND, exiting the fuction
2022-06-23 14:45:06,949 - (levelerror: CRITICAL): Something went wrong with SELENIUM: Message: no such element: Unable to locate element: {"method":"xpath","selector":"/html/body/table/tbody/tr[1]/td/table[2]/tbody/tr[2]/td[1]"}
  (Session info: headless chrome=102.0.5005.63)
Stacktrace:
Backtrace:
	Ordinal0 [0x0059D953+2414931]
	Ordinal0 [0x0052F5E1+1963489]
	Ordinal0 [0x0041C6B8+837304]
	Ordinal0 [0x00449500+1021184]
	Ordinal0 [0x0044979B+1021851]
	Ordinal0 [0x00476502+1205506]
	Ordinal0 [0x004644E4+1131748]
	Ordinal0 [0x00474812+1198098]
	Ordinal0 [0x004642B6+1131190]
	Ordinal0 [0x0043E860+976992]
	Ordinal0 [0x0043F756+980822]
	GetHandleVerifier [0x0080CC62+2510274]
	GetHandleVerifier [0x007FF760+2455744]
	GetHandleVerifier [0x0062EABA+551962]
	GetHandleVerifier [0x0062D916+547446]
	Ordinal0 [0x00535F3B+1990459]
	Ordinal0 [0x0053A898+2009240]
	Ordinal0 [0x0053A985+2009477]
	Ordinal0 [0x00543AD1+2046673]
	BaseThreadInitThunk [0x7691FA29+25]
	RtlGetAppContainerNamedObjectPath [0x77C07A9E+286]
	RtlGetAppContainerNamedObjectPath [0x77C07A6E+238]
.
Restarting the programming...
2022-06-23 15:30:55,080 - (levelerror: ERROR): Release not sucessed, something is wrong.
All jobs will be canceled
2022-06-23 15:30:55,694 - (levelerror: ERROR): Release button NOT FOUND, exiting the fuction
2022-06-23 15:34:29,802 - (levelerror: ERROR): Hostname:10.248.156.11 - Ping error: Command '['ping', '10.248.156.11']' returned non-zero exit status 1.
2022-06-23 15:34:30,671 - (levelerror: CRITICAL): Something went wrong with SELENIUM: Message: no such element: Unable to locate element: {"method":"xpath","selector":"/html/body/table/tbody/tr[1]/td/table[2]/tbody/tr[4]/td[1]"}
  (Session info: headless chrome=102.0.5005.63)
Stacktrace:
Backtrace:
	Ordinal0 [0x0059D953+2414931]
	Ordinal0 [0x0052F5E1+1963489]
	Ordinal0 [0x0041C6B8+837304]
	Ordinal0 [0x00449500+1021184]
	Ordinal0 [0x0044979B+1021851]
	Ordinal0 [0x00476502+1205506]
	Ordinal0 [0x004644E4+1131748]
	Ordinal0 [0x00474812+1198098]
	Ordinal0 [0x004642B6+1131190]
	Ordinal0 [0x0043E860+976992]
	Ordinal0 [0x0043F756+980822]
	GetHandleVerifier [0x0080CC62+2510274]
	GetHandleVerifier [0x007FF760+2455744]
	GetHandleVerifier [0x0062EABA+551962]
	GetHandleVerifier [0x0062D916+547446]
	Ordinal0 [0x00535F3B+1990459]
	Ordinal0 [0x0053A898+2009240]
	Ordinal0 [0x0053A985+2009477]
	Ordinal0 [0x00543AD1+2046673]
	BaseThreadInitThunk [0x7691FA29+25]
	RtlGetAppContainerNamedObjectPath [0x77C07A9E+286]
	RtlGetAppContainerNamedObjectPath [0x77C07A6E+238]
.
Restarting the programming...
2022-06-23 15:40:02,663 - (levelerror: ERROR): Release not sucessed, something is wrong.
All jobs will be canceled
2022-06-23 15:40:04,761 - (levelerror: ERROR): Release button NOT FOUND, exiting the fuction
2022-06-23 15:40:57,212 - (levelerror: ERROR): Release not sucessed, something is wrong.
All jobs will be canceled
2022-06-23 15:40:58,717 - (levelerror: ERROR): Release button NOT FOUND, exiting the fuction
2022-06-23 15:42:31,666 - (levelerror: ERROR): Release not sucessed, something is wrong.
All jobs will be canceled
2022-06-23 15:42:32,289 - (levelerror: ERROR): Release button NOT FOUND, exiting the fuction
2022-06-23 15:43:41,796 - (levelerror: ERROR): Hostname:Lacen-912469.saude.df.gov.br - Ping error: Command '['ping', 'Lacen-912469.saude.df.gov.br']' returned non-zero exit status 1.
2022-06-23 15:46:47,608 - (levelerror: CRITICAL): Something went wrong with SELENIUM: Message: no such element: Unable to locate element: {"method":"xpath","selector":"/html/body/table/tbody/tr[1]/td/table[2]/tbody/tr[4]/td[1]"}
  (Session info: headless chrome=102.0.5005.63)
Stacktrace:
Backtrace:
	Ordinal0 [0x0059D953+2414931]
	Ordinal0 [0x0052F5E1+1963489]
	Ordinal0 [0x0041C6B8+837304]
	Ordinal0 [0x00449500+1021184]
	Ordinal0 [0x0044979B+1021851]
	Ordinal0 [0x00476502+1205506]
	Ordinal0 [0x004644E4+1131748]
	Ordinal0 [0x00474812+1198098]
	Ordinal0 [0x004642B6+1131190]
	Ordinal0 [0x0043E860+976992]
	Ordinal0 [0x0043F756+980822]
	GetHandleVerifier [0x0080CC62+2510274]
	GetHandleVerifier [0x007FF760+2455744]
	GetHandleVerifier [0x0062EABA+551962]
	GetHandleVerifier [0x0062D916+547446]
	Ordinal0 [0x00535F3B+1990459]
	Ordinal0 [0x0053A898+2009240]
	Ordinal0 [0x0053A985+2009477]
	Ordinal0 [0x00543AD1+2046673]
	BaseThreadInitThunk [0x7691FA29+25]
	RtlGetAppContainerNamedObjectPath [0x77C07A9E+286]
	RtlGetAppContainerNamedObjectPath [0x77C07A6E+238]
.
Restarting the programming...
2022-06-23 15:48:22,906 - (levelerror: CRITICAL): Something went wrong with SELENIUM: Message: no such element: Unable to locate element: {"method":"xpath","selector":"/html/body/table/tbody/tr[1]/td/table[2]/tbody/tr[4]/td[1]"}
  (Session info: headless chrome=102.0.5005.63)
Stacktrace:
Backtrace:
	Ordinal0 [0x0059D953+2414931]
	Ordinal0 [0x0052F5E1+1963489]
	Ordinal0 [0x0041C6B8+837304]
	Ordinal0 [0x00449500+1021184]
	Ordinal0 [0x0044979B+1021851]
	Ordinal0 [0x00476502+1205506]
	Ordinal0 [0x004644E4+1131748]
	Ordinal0 [0x00474812+1198098]
	Ordinal0 [0x004642B6+1131190]
	Ordinal0 [0x0043E860+976992]
	Ordinal0 [0x0043F756+980822]
	GetHandleVerifier [0x0080CC62+2510274]
	GetHandleVerifier [0x007FF760+2455744]
	GetHandleVerifier [0x0062EABA+551962]
	GetHandleVerifier [0x0062D916+547446]
	Ordinal0 [0x00535F3B+1990459]
	Ordinal0 [0x0053A898+2009240]
	Ordinal0 [0x0053A985+2009477]
	Ordinal0 [0x00543AD1+2046673]
	BaseThreadInitThunk [0x7691FA29+25]
	RtlGetAppContainerNamedObjectPath [0x77C07A9E+286]
	RtlGetAppContainerNamedObjectPath [0x77C07A6E+238]
.
Restarting the programming...
2022-06-23 15:51:28,791 - (levelerror: ERROR): Hostname:LACEN-917267.saude.df.gov.br - Ping error: Command '['ping', 'LACEN-917267.saude.df.gov.br']' returned non-zero exit status 1.
2022-06-23 15:57:09,292 - (levelerror: ERROR): Hostname:HRG-NPCPS-00.saude.df.gov.br - Ping error: Command '['ping', 'HRG-NPCPS-00.saude.df.gov.br']' returned non-zero exit status 1.
2022-06-23 16:05:25,818 - (levelerror: ERROR): Hostname:HRG-NPCPS-00.saude.df.gov.br - Ping error: Command '['ping', 'HRG-NPCPS-00.saude.df.gov.br']' returned non-zero exit status 1.
2022-06-23 16:06:04,305 - (levelerror: ERROR): Hostname:Lacen-912469.saude.df.gov.br - Ping error: Command '['ping', 'Lacen-912469.saude.df.gov.br']' returned non-zero exit status 1.
2022-06-23 16:06:05,113 - (levelerror: CRITICAL): Something went wrong with SELENIUM: Message: no such element: Unable to locate element: {"method":"xpath","selector":"/html/body/table/tbody/tr[1]/td/table[2]/tbody/tr[3]/td[1]"}
  (Session info: headless chrome=102.0.5005.63)
Stacktrace:
Backtrace:
	Ordinal0 [0x0059D953+2414931]
	Ordinal0 [0x0052F5E1+1963489]
	Ordinal0 [0x0041C6B8+837304]
	Ordinal0 [0x00449500+1021184]
	Ordinal0 [0x0044979B+1021851]
	Ordinal0 [0x00476502+1205506]
	Ordinal0 [0x004644E4+1131748]
	Ordinal0 [0x00474812+1198098]
	Ordinal0 [0x004642B6+1131190]
	Ordinal0 [0x0043E860+976992]
	Ordinal0 [0x0043F756+980822]
	GetHandleVerifier [0x0080CC62+2510274]
	GetHandleVerifier [0x007FF760+2455744]
	GetHandleVerifier [0x0062EABA+551962]
	GetHandleVerifier [0x0062D916+547446]
	Ordinal0 [0x00535F3B+1990459]
	Ordinal0 [0x0053A898+2009240]
	Ordinal0 [0x0053A985+2009477]
	Ordinal0 [0x00543AD1+2046673]
	BaseThreadInitThunk [0x7691FA29+25]
	RtlGetAppContainerNamedObjectPath [0x77C07A9E+286]
	RtlGetAppContainerNamedObjectPath [0x77C07A6E+238]
.
Restarting the programming...
2022-06-23 16:28:23,808 - (levelerror: ERROR): Hostname:Lacen-912469.saude.df.gov.br - Ping error: Command '['ping', 'Lacen-912469.saude.df.gov.br']' returned non-zero exit status 1.
2022-06-23 16:28:24,560 - (levelerror: CRITICAL): Something went wrong with SELENIUM: Message: no such element: Unable to locate element: {"method":"xpath","selector":"/html/body/table/tbody/tr[1]/td/table[2]/tbody/tr[5]/td[1]"}
  (Session info: headless chrome=102.0.5005.63)
Stacktrace:
Backtrace:
	Ordinal0 [0x0059D953+2414931]
	Ordinal0 [0x0052F5E1+1963489]
	Ordinal0 [0x0041C6B8+837304]
	Ordinal0 [0x00449500+1021184]
	Ordinal0 [0x0044979B+1021851]
	Ordinal0 [0x00476502+1205506]
	Ordinal0 [0x004644E4+1131748]
	Ordinal0 [0x00474812+1198098]
	Ordinal0 [0x004642B6+1131190]
	Ordinal0 [0x0043E860+976992]
	Ordinal0 [0x0043F756+980822]
	GetHandleVerifier [0x0080CC62+2510274]
	GetHandleVerifier [0x007FF760+2455744]
	GetHandleVerifier [0x0062EABA+551962]
	GetHandleVerifier [0x0062D916+547446]
	Ordinal0 [0x00535F3B+1990459]
	Ordinal0 [0x0053A898+2009240]
	Ordinal0 [0x0053A985+2009477]
	Ordinal0 [0x00543AD1+2046673]
	BaseThreadInitThunk [0x7691FA29+25]
	RtlGetAppContainerNamedObjectPath [0x77C07A9E+286]
	RtlGetAppContainerNamedObjectPath [0x77C07A6E+238]
.
Restarting the programming...
2022-06-23 16:41:10,725 - (levelerror: CRITICAL): Something went wrong with SELENIUM: Message: no such element: Unable to locate element: {"method":"xpath","selector":"/html/body/table/tbody/tr[1]/td/table[2]/tbody/tr[2]/td[1]"}
  (Session info: headless chrome=102.0.5005.63)
Stacktrace:
Backtrace:
	Ordinal0 [0x0059D953+2414931]
	Ordinal0 [0x0052F5E1+1963489]
	Ordinal0 [0x0041C6B8+837304]
	Ordinal0 [0x00449500+1021184]
	Ordinal0 [0x0044979B+1021851]
	Ordinal0 [0x00476502+1205506]
	Ordinal0 [0x004644E4+1131748]
	Ordinal0 [0x00474812+1198098]
	Ordinal0 [0x004642B6+1131190]
	Ordinal0 [0x0043E860+976992]
	Ordinal0 [0x0043F756+980822]
	GetHandleVerifier [0x0080CC62+2510274]
	GetHandleVerifier [0x007FF760+2455744]
	GetHandleVerifier [0x0062EABA+551962]
	GetHandleVerifier [0x0062D916+547446]
	Ordinal0 [0x00535F3B+1990459]
	Ordinal0 [0x0053A898+2009240]
	Ordinal0 [0x0053A985+2009477]
	Ordinal0 [0x00543AD1+2046673]
	BaseThreadInitThunk [0x7691FA29+25]
	RtlGetAppContainerNamedObjectPath [0x77C07A9E+286]
	RtlGetAppContainerNamedObjectPath [0x77C07A6E+238]
.
Restarting the programming...
2022-06-23 16:42:26,819 - (levelerror: CRITICAL): Something went wrong with SELENIUM: Message: no such element: Unable to locate element: {"method":"xpath","selector":"/html/body/table/tbody/tr[1]/td/table[2]/tbody/tr[2]/td[1]"}
  (Session info: headless chrome=102.0.5005.63)
Stacktrace:
Backtrace:
	Ordinal0 [0x0059D953+2414931]
	Ordinal0 [0x0052F5E1+1963489]
	Ordinal0 [0x0041C6B8+837304]
	Ordinal0 [0x00449500+1021184]
	Ordinal0 [0x0044979B+1021851]
	Ordinal0 [0x00476502+1205506]
	Ordinal0 [0x004644E4+1131748]
	Ordinal0 [0x00474812+1198098]
	Ordinal0 [0x004642B6+1131190]
	Ordinal0 [0x0043E860+976992]
	Ordinal0 [0x0043F756+980822]
	GetHandleVerifier [0x0080CC62+2510274]
	GetHandleVerifier [0x007FF760+2455744]
	GetHandleVerifier [0x0062EABA+551962]
	GetHandleVerifier [0x0062D916+547446]
	Ordinal0 [0x00535F3B+1990459]
	Ordinal0 [0x0053A898+2009240]
	Ordinal0 [0x0053A985+2009477]
	Ordinal0 [0x00543AD1+2046673]
	BaseThreadInitThunk [0x7691FA29+25]
	RtlGetAppContainerNamedObjectPath [0x77C07A9E+286]
	RtlGetAppContainerNamedObjectPath [0x77C07A6E+238]
.
Restarting the programming...
2022-06-23 16:51:22,812 - (levelerror: CRITICAL): Something went wrong with SELENIUM: Message: no such element: Unable to locate element: {"method":"xpath","selector":"/html/body/table/tbody/tr[1]/td/table[2]/tbody/tr[2]/td[1]"}
  (Session info: headless chrome=102.0.5005.63)
Stacktrace:
Backtrace:
	Ordinal0 [0x0059D953+2414931]
	Ordinal0 [0x0052F5E1+1963489]
	Ordinal0 [0x0041C6B8+837304]
	Ordinal0 [0x00449500+1021184]
	Ordinal0 [0x0044979B+1021851]
	Ordinal0 [0x00476502+1205506]
	Ordinal0 [0x004644E4+1131748]
	Ordinal0 [0x00474812+1198098]
	Ordinal0 [0x004642B6+1131190]
	Ordinal0 [0x0043E860+976992]
	Ordinal0 [0x0043F756+980822]
	GetHandleVerifier [0x0080CC62+2510274]
	GetHandleVerifier [0x007FF760+2455744]
	GetHandleVerifier [0x0062EABA+551962]
	GetHandleVerifier [0x0062D916+547446]
	Ordinal0 [0x00535F3B+1990459]
	Ordinal0 [0x0053A898+2009240]
	Ordinal0 [0x0053A985+2009477]
	Ordinal0 [0x00543AD1+2046673]
	BaseThreadInitThunk [0x7691FA29+25]
	RtlGetAppContainerNamedObjectPath [0x77C07A9E+286]
	RtlGetAppContainerNamedObjectPath [0x77C07A6E+238]
.
Restarting the programming...
2022-06-23 16:52:12,572 - (levelerror: CRITICAL): Something went wrong with SELENIUM: Message: no such element: Unable to locate element: {"method":"xpath","selector":"/html/body/table/tbody/tr[1]/td/table[2]/tbody/tr[2]/td[1]"}
  (Session info: headless chrome=102.0.5005.63)
Stacktrace:
Backtrace:
	Ordinal0 [0x0059D953+2414931]
	Ordinal0 [0x0052F5E1+1963489]
	Ordinal0 [0x0041C6B8+837304]
	Ordinal0 [0x00449500+1021184]
	Ordinal0 [0x0044979B+1021851]
	Ordinal0 [0x00476502+1205506]
	Ordinal0 [0x004644E4+1131748]
	Ordinal0 [0x00474812+1198098]
	Ordinal0 [0x004642B6+1131190]
	Ordinal0 [0x0043E860+976992]
	Ordinal0 [0x0043F756+980822]
	GetHandleVerifier [0x0080CC62+2510274]
	GetHandleVerifier [0x007FF760+2455744]
	GetHandleVerifier [0x0062EABA+551962]
	GetHandleVerifier [0x0062D916+547446]
	Ordinal0 [0x00535F3B+1990459]
	Ordinal0 [0x0053A898+2009240]
	Ordinal0 [0x0053A985+2009477]
	Ordinal0 [0x00543AD1+2046673]
	BaseThreadInitThunk [0x7691FA29+25]
	RtlGetAppContainerNamedObjectPath [0x77C07A9E+286]
	RtlGetAppContainerNamedObjectPath [0x77C07A6E+238]
.
Restarting the programming...
2022-06-23 16:52:30,867 - (levelerror: CRITICAL): Something went wrong with SELENIUM: Message: no such element: Unable to locate element: {"method":"xpath","selector":"/html/body/table/tbody/tr[1]/td/table[2]/tbody/tr[2]/td[1]"}
  (Session info: headless chrome=102.0.5005.63)
Stacktrace:
Backtrace:
	Ordinal0 [0x0059D953+2414931]
	Ordinal0 [0x0052F5E1+1963489]
	Ordinal0 [0x0041C6B8+837304]
	Ordinal0 [0x00449500+1021184]
	Ordinal0 [0x0044979B+1021851]
	Ordinal0 [0x00476502+1205506]
	Ordinal0 [0x004644E4+1131748]
	Ordinal0 [0x00474812+1198098]
	Ordinal0 [0x004642B6+1131190]
	Ordinal0 [0x0043E860+976992]
	Ordinal0 [0x0043F756+980822]
	GetHandleVerifier [0x0080CC62+2510274]
	GetHandleVerifier [0x007FF760+2455744]
	GetHandleVerifier [0x0062EABA+551962]
	GetHandleVerifier [0x0062D916+547446]
	Ordinal0 [0x00535F3B+1990459]
	Ordinal0 [0x0053A898+2009240]
	Ordinal0 [0x0053A985+2009477]
	Ordinal0 [0x00543AD1+2046673]
	BaseThreadInitThunk [0x7691FA29+25]
	RtlGetAppContainerNamedObjectPath [0x77C07A9E+286]
	RtlGetAppContainerNamedObjectPath [0x77C07A6E+238]
.
Restarting the programming...
2022-06-23 16:54:33,291 - (levelerror: CRITICAL): Something went wrong with SELENIUM: Message: no such element: Unable to locate element: {"method":"xpath","selector":"/html/body/table/tbody/tr[1]/td/table[2]/tbody/tr[3]/td[1]"}
  (Session info: headless chrome=102.0.5005.63)
Stacktrace:
Backtrace:
	Ordinal0 [0x0059D953+2414931]
	Ordinal0 [0x0052F5E1+1963489]
	Ordinal0 [0x0041C6B8+837304]
	Ordinal0 [0x00449500+1021184]
	Ordinal0 [0x0044979B+1021851]
	Ordinal0 [0x00476502+1205506]
	Ordinal0 [0x004644E4+1131748]
	Ordinal0 [0x00474812+1198098]
	Ordinal0 [0x004642B6+1131190]
	Ordinal0 [0x0043E860+976992]
	Ordinal0 [0x0043F756+980822]
	GetHandleVerifier [0x0080CC62+2510274]
	GetHandleVerifier [0x007FF760+2455744]
	GetHandleVerifier [0x0062EABA+551962]
	GetHandleVerifier [0x0062D916+547446]
	Ordinal0 [0x00535F3B+1990459]
	Ordinal0 [0x0053A898+2009240]
	Ordinal0 [0x0053A985+2009477]
	Ordinal0 [0x00543AD1+2046673]
	BaseThreadInitThunk [0x7691FA29+25]
	RtlGetAppContainerNamedObjectPath [0x77C07A9E+286]
	RtlGetAppContainerNamedObjectPath [0x77C07A6E+238]
.
Restarting the programming...
2022-06-23 17:00:54,519 - (levelerror: ERROR): Release not sucessed, something is wrong.
All jobs will be canceled
2022-06-23 17:00:55,678 - (levelerror: ERROR): Release button NOT FOUND, exiting the fuction
2022-06-23 17:02:27,366 - (levelerror: CRITICAL): Something went wrong with SELENIUM: Message: no such element: Unable to locate element: {"method":"xpath","selector":"/html/body/table/tbody/tr[1]/td/table[2]/tbody/tr[3]/td[1]"}
  (Session info: headless chrome=102.0.5005.63)
Stacktrace:
Backtrace:
	Ordinal0 [0x0059D953+2414931]
	Ordinal0 [0x0052F5E1+1963489]
	Ordinal0 [0x0041C6B8+837304]
	Ordinal0 [0x00449500+1021184]
	Ordinal0 [0x0044979B+1021851]
	Ordinal0 [0x00476502+1205506]
	Ordinal0 [0x004644E4+1131748]
	Ordinal0 [0x00474812+1198098]
	Ordinal0 [0x004642B6+1131190]
	Ordinal0 [0x0043E860+976992]
	Ordinal0 [0x0043F756+980822]
	GetHandleVerifier [0x0080CC62+2510274]
	GetHandleVerifier [0x007FF760+2455744]
	GetHandleVerifier [0x0062EABA+551962]
	GetHandleVerifier [0x0062D916+547446]
	Ordinal0 [0x00535F3B+1990459]
	Ordinal0 [0x0053A898+2009240]
	Ordinal0 [0x0053A985+2009477]
	Ordinal0 [0x00543AD1+2046673]
	BaseThreadInitThunk [0x7691FA29+25]
	RtlGetAppContainerNamedObjectPath [0x77C07A9E+286]
	RtlGetAppContainerNamedObjectPath [0x77C07A6E+238]
.
Restarting the programming...
2022-06-23 17:04:56,611 - (levelerror: CRITICAL): Something went wrong with SELENIUM: Message: no such element: Unable to locate element: {"method":"xpath","selector":"/html/body/table/tbody/tr[1]/td/table[2]/tbody/tr[3]/td[1]"}
  (Session info: headless chrome=102.0.5005.63)
Stacktrace:
Backtrace:
	Ordinal0 [0x0059D953+2414931]
	Ordinal0 [0x0052F5E1+1963489]
	Ordinal0 [0x0041C6B8+837304]
	Ordinal0 [0x00449500+1021184]
	Ordinal0 [0x0044979B+1021851]
	Ordinal0 [0x00476502+1205506]
	Ordinal0 [0x004644E4+1131748]
	Ordinal0 [0x00474812+1198098]
	Ordinal0 [0x004642B6+1131190]
	Ordinal0 [0x0043E860+976992]
	Ordinal0 [0x0043F756+980822]
	GetHandleVerifier [0x0080CC62+2510274]
	GetHandleVerifier [0x007FF760+2455744]
	GetHandleVerifier [0x0062EABA+551962]
	GetHandleVerifier [0x0062D916+547446]
	Ordinal0 [0x00535F3B+1990459]
	Ordinal0 [0x0053A898+2009240]
	Ordinal0 [0x0053A985+2009477]
	Ordinal0 [0x00543AD1+2046673]
	BaseThreadInitThunk [0x7691FA29+25]
	RtlGetAppContainerNamedObjectPath [0x77C07A9E+286]
	RtlGetAppContainerNamedObjectPath [0x77C07A6E+238]
.
Restarting the programming...
2022-06-23 17:05:47,002 - (levelerror: CRITICAL): Something went wrong with SELENIUM: Message: no such element: Unable to locate element: {"method":"xpath","selector":"/html/body/table/tbody/tr[1]/td/table[2]/tbody/tr[3]/td[1]"}
  (Session info: headless chrome=102.0.5005.63)
Stacktrace:
Backtrace:
	Ordinal0 [0x0059D953+2414931]
	Ordinal0 [0x0052F5E1+1963489]
	Ordinal0 [0x0041C6B8+837304]
	Ordinal0 [0x00449500+1021184]
	Ordinal0 [0x0044979B+1021851]
	Ordinal0 [0x00476502+1205506]
	Ordinal0 [0x004644E4+1131748]
	Ordinal0 [0x00474812+1198098]
	Ordinal0 [0x004642B6+1131190]
	Ordinal0 [0x0043E860+976992]
	Ordinal0 [0x0043F756+980822]
	GetHandleVerifier [0x0080CC62+2510274]
	GetHandleVerifier [0x007FF760+2455744]
	GetHandleVerifier [0x0062EABA+551962]
	GetHandleVerifier [0x0062D916+547446]
	Ordinal0 [0x00535F3B+1990459]
	Ordinal0 [0x0053A898+2009240]
	Ordinal0 [0x0053A985+2009477]
	Ordinal0 [0x00543AD1+2046673]
	BaseThreadInitThunk [0x7691FA29+25]
	RtlGetAppContainerNamedObjectPath [0x77C07A9E+286]
	RtlGetAppContainerNamedObjectPath [0x77C07A6E+238]
.
Restarting the programming...
2022-06-23 17:10:59,102 - (levelerror: CRITICAL): Something went wrong with SELENIUM: Message: no such element: Unable to locate element: {"method":"xpath","selector":"/html/body/table/tbody/tr[1]/td/table[2]/tbody/tr[4]/td[1]"}
  (Session info: headless chrome=102.0.5005.63)
Stacktrace:
Backtrace:
	Ordinal0 [0x0059D953+2414931]
	Ordinal0 [0x0052F5E1+1963489]
	Ordinal0 [0x0041C6B8+837304]
	Ordinal0 [0x00449500+1021184]
	Ordinal0 [0x0044979B+1021851]
	Ordinal0 [0x00476502+1205506]
	Ordinal0 [0x004644E4+1131748]
	Ordinal0 [0x00474812+1198098]
	Ordinal0 [0x004642B6+1131190]
	Ordinal0 [0x0043E860+976992]
	Ordinal0 [0x0043F756+980822]
	GetHandleVerifier [0x0080CC62+2510274]
	GetHandleVerifier [0x007FF760+2455744]
	GetHandleVerifier [0x0062EABA+551962]
	GetHandleVerifier [0x0062D916+547446]
	Ordinal0 [0x00535F3B+1990459]
	Ordinal0 [0x0053A898+2009240]
	Ordinal0 [0x0053A985+2009477]
	Ordinal0 [0x00543AD1+2046673]
	BaseThreadInitThunk [0x7691FA29+25]
	RtlGetAppContainerNamedObjectPath [0x77C07A9E+286]
	RtlGetAppContainerNamedObjectPath [0x77C07A6E+238]
.
Restarting the programming...
2022-06-23 17:13:53,322 - (levelerror: ERROR): Hostname:10.85.36.7 - Ping error: Command '['ping', '10.85.36.7']' returned non-zero exit status 1.
2022-06-23 20:22:39,856 - (levelerror: ERROR): Hostname:HRPL-74121.saude.df.gov.br - Ping error: Command '['ping', 'HRPL-74121.saude.df.gov.br']' returned non-zero exit status 1.
2022-06-23 21:27:57,378 - (levelerror: ERROR): Hostname:HRPL-74121.saude.df.gov.br - Ping error: Command '['ping', 'HRPL-74121.saude.df.gov.br']' returned non-zero exit status 1.
2022-06-23 22:04:04,884 - (levelerror: ERROR): Hostname:HRPL-74121.saude.df.gov.br - Ping error: Command '['ping', 'HRPL-74121.saude.df.gov.br']' returned non-zero exit status 1.
2022-06-23 22:08:11,757 - (levelerror: ERROR): Release not sucessed, something is wrong.
All jobs will be canceled
2022-06-23 22:08:14,960 - (levelerror: ERROR): Release button NOT FOUND, exiting the fuction
2022-06-23 22:08:20,148 - (levelerror: CRITICAL): Something went wrong with SELENIUM: Message: no such element: Unable to locate element: {"method":"xpath","selector":"/html/body/table/tbody/tr[1]/td/table[2]/tbody/tr[2]/td[1]"}
  (Session info: headless chrome=102.0.5005.63)
Stacktrace:
Backtrace:
	Ordinal0 [0x0059D953+2414931]
	Ordinal0 [0x0052F5E1+1963489]
	Ordinal0 [0x0041C6B8+837304]
	Ordinal0 [0x00449500+1021184]
	Ordinal0 [0x0044979B+1021851]
	Ordinal0 [0x00476502+1205506]
	Ordinal0 [0x004644E4+1131748]
	Ordinal0 [0x00474812+1198098]
	Ordinal0 [0x004642B6+1131190]
	Ordinal0 [0x0043E860+976992]
	Ordinal0 [0x0043F756+980822]
	GetHandleVerifier [0x0080CC62+2510274]
	GetHandleVerifier [0x007FF760+2455744]
	GetHandleVerifier [0x0062EABA+551962]
	GetHandleVerifier [0x0062D916+547446]
	Ordinal0 [0x00535F3B+1990459]
	Ordinal0 [0x0053A898+2009240]
	Ordinal0 [0x0053A985+2009477]
	Ordinal0 [0x00543AD1+2046673]
	BaseThreadInitThunk [0x7691FA29+25]
	RtlGetAppContainerNamedObjectPath [0x77C07A9E+286]
	RtlGetAppContainerNamedObjectPath [0x77C07A6E+238]
.
Restarting the programming...
2022-06-23 22:08:59,893 - (levelerror: ERROR): Hostname:HRPL-74121.saude.df.gov.br - Ping error: Command '['ping', 'HRPL-74121.saude.df.gov.br']' returned non-zero exit status 1.
2022-06-23 22:21:30,083 - (levelerror: ERROR): Hostname:IMPRESSORA_EM_MANUTENCAO.saude.df.gov.br - Ping error: Command '['ping', 'IMPRESSORA_EM_MANUTENCAO.saude.df.gov.br']' returned non-zero exit status 1.
2022-06-24 06:08:47,426 - (levelerror: CRITICAL): Something went wrong with SELENIUM: Message: no such element: Unable to locate element: {"method":"xpath","selector":"/html/body/table/tbody/tr[1]/td/table[2]/tbody/tr[2]/td[1]"}
  (Session info: headless chrome=102.0.5005.63)
Stacktrace:
Backtrace:
	Ordinal0 [0x0059D953+2414931]
	Ordinal0 [0x0052F5E1+1963489]
	Ordinal0 [0x0041C6B8+837304]
	Ordinal0 [0x00449500+1021184]
	Ordinal0 [0x0044979B+1021851]
	Ordinal0 [0x00476502+1205506]
	Ordinal0 [0x004644E4+1131748]
	Ordinal0 [0x00474812+1198098]
	Ordinal0 [0x004642B6+1131190]
	Ordinal0 [0x0043E860+976992]
	Ordinal0 [0x0043F756+980822]
	GetHandleVerifier [0x0080CC62+2510274]
	GetHandleVerifier [0x007FF760+2455744]
	GetHandleVerifier [0x0062EABA+551962]
	GetHandleVerifier [0x0062D916+547446]
	Ordinal0 [0x00535F3B+1990459]
	Ordinal0 [0x0053A898+2009240]
	Ordinal0 [0x0053A985+2009477]
	Ordinal0 [0x00543AD1+2046673]
	BaseThreadInitThunk [0x7691FA29+25]
	RtlGetAppContainerNamedObjectPath [0x77C07A9E+286]
	RtlGetAppContainerNamedObjectPath [0x77C07A6E+238]
.
Restarting the programming...
2022-06-24 07:07:08,428 - (levelerror: CRITICAL): Something went wrong with SELENIUM: Message: no such element: Unable to locate element: {"method":"xpath","selector":"/html/body/table/tbody/tr[1]/td/table[2]/tbody/tr[2]/td[1]"}
  (Session info: headless chrome=102.0.5005.63)
Stacktrace:
Backtrace:
	Ordinal0 [0x0059D953+2414931]
	Ordinal0 [0x0052F5E1+1963489]
	Ordinal0 [0x0041C6B8+837304]
	Ordinal0 [0x00449500+1021184]
	Ordinal0 [0x0044979B+1021851]
	Ordinal0 [0x00476502+1205506]
	Ordinal0 [0x004644E4+1131748]
	Ordinal0 [0x00474812+1198098]
	Ordinal0 [0x004642B6+1131190]
	Ordinal0 [0x0043E860+976992]
	Ordinal0 [0x0043F756+980822]
	GetHandleVerifier [0x0080CC62+2510274]
	GetHandleVerifier [0x007FF760+2455744]
	GetHandleVerifier [0x0062EABA+551962]
	GetHandleVerifier [0x0062D916+547446]
	Ordinal0 [0x00535F3B+1990459]
	Ordinal0 [0x0053A898+2009240]
	Ordinal0 [0x0053A985+2009477]
	Ordinal0 [0x00543AD1+2046673]
	BaseThreadInitThunk [0x7691FA29+25]
	RtlGetAppContainerNamedObjectPath [0x77C07A9E+286]
	RtlGetAppContainerNamedObjectPath [0x77C07A6E+238]
.
Restarting the programming...
2022-06-24 07:08:19,141 - (levelerror: CRITICAL): Something went wrong with SELENIUM: Message: no such element: Unable to locate element: {"method":"xpath","selector":"/html/body/table/tbody/tr[1]/td/table[2]/tbody/tr[2]/td[1]"}
  (Session info: headless chrome=102.0.5005.63)
Stacktrace:
Backtrace:
	Ordinal0 [0x0059D953+2414931]
	Ordinal0 [0x0052F5E1+1963489]
	Ordinal0 [0x0041C6B8+837304]
	Ordinal0 [0x00449500+1021184]
	Ordinal0 [0x0044979B+1021851]
	Ordinal0 [0x00476502+1205506]
	Ordinal0 [0x004644E4+1131748]
	Ordinal0 [0x00474812+1198098]
	Ordinal0 [0x004642B6+1131190]
	Ordinal0 [0x0043E860+976992]
	Ordinal0 [0x0043F756+980822]
	GetHandleVerifier [0x0080CC62+2510274]
	GetHandleVerifier [0x007FF760+2455744]
	GetHandleVerifier [0x0062EABA+551962]
	GetHandleVerifier [0x0062D916+547446]
	Ordinal0 [0x00535F3B+1990459]
	Ordinal0 [0x0053A898+2009240]
	Ordinal0 [0x0053A985+2009477]
	Ordinal0 [0x00543AD1+2046673]
	BaseThreadInitThunk [0x7691FA29+25]
	RtlGetAppContainerNamedObjectPath [0x77C07A9E+286]
	RtlGetAppContainerNamedObjectPath [0x77C07A6E+238]
.
Restarting the programming...
2022-06-24 07:16:54,108 - (levelerror: CRITICAL): Something went wrong with SELENIUM: Message: no such element: Unable to locate element: {"method":"xpath","selector":"/html/body/table/tbody/tr[1]/td/table[2]/tbody/tr[2]/td[1]"}
  (Session info: headless chrome=102.0.5005.63)
Stacktrace:
Backtrace:
	Ordinal0 [0x0059D953+2414931]
	Ordinal0 [0x0052F5E1+1963489]
	Ordinal0 [0x0041C6B8+837304]
	Ordinal0 [0x00449500+1021184]
	Ordinal0 [0x0044979B+1021851]
	Ordinal0 [0x00476502+1205506]
	Ordinal0 [0x004644E4+1131748]
	Ordinal0 [0x00474812+1198098]
	Ordinal0 [0x004642B6+1131190]
	Ordinal0 [0x0043E860+976992]
	Ordinal0 [0x0043F756+980822]
	GetHandleVerifier [0x0080CC62+2510274]
	GetHandleVerifier [0x007FF760+2455744]
	GetHandleVerifier [0x0062EABA+551962]
	GetHandleVerifier [0x0062D916+547446]
	Ordinal0 [0x00535F3B+1990459]
	Ordinal0 [0x0053A898+2009240]
	Ordinal0 [0x0053A985+2009477]
	Ordinal0 [0x00543AD1+2046673]
	BaseThreadInitThunk [0x7691FA29+25]
	RtlGetAppContainerNamedObjectPath [0x77C07A9E+286]
	RtlGetAppContainerNamedObjectPath [0x77C07A6E+238]
.
Restarting the programming...
2022-06-24 07:20:15,418 - (levelerror: CRITICAL): Something went wrong with SELENIUM: Message: no such element: Unable to locate element: {"method":"xpath","selector":"/html/body/table/tbody/tr[1]/td/table[2]/tbody/tr[2]/td[1]"}
  (Session info: headless chrome=102.0.5005.63)
Stacktrace:
Backtrace:
	Ordinal0 [0x0059D953+2414931]
	Ordinal0 [0x0052F5E1+1963489]
	Ordinal0 [0x0041C6B8+837304]
	Ordinal0 [0x00449500+1021184]
	Ordinal0 [0x0044979B+1021851]
	Ordinal0 [0x00476502+1205506]
	Ordinal0 [0x004644E4+1131748]
	Ordinal0 [0x00474812+1198098]
	Ordinal0 [0x004642B6+1131190]
	Ordinal0 [0x0043E860+976992]
	Ordinal0 [0x0043F756+980822]
	GetHandleVerifier [0x0080CC62+2510274]
	GetHandleVerifier [0x007FF760+2455744]
	GetHandleVerifier [0x0062EABA+551962]
	GetHandleVerifier [0x0062D916+547446]
	Ordinal0 [0x00535F3B+1990459]
	Ordinal0 [0x0053A898+2009240]
	Ordinal0 [0x0053A985+2009477]
	Ordinal0 [0x00543AD1+2046673]
	BaseThreadInitThunk [0x7691FA29+25]
	RtlGetAppContainerNamedObjectPath [0x77C07A9E+286]
	RtlGetAppContainerNamedObjectPath [0x77C07A6E+238]
.
Restarting the programming...
2022-06-24 07:21:28,148 - (levelerror: CRITICAL): Something went wrong with SELENIUM: Message: no such element: Unable to locate element: {"method":"xpath","selector":"/html/body/table/tbody/tr[1]/td/table[2]/tbody/tr[2]/td[1]"}
  (Session info: headless chrome=102.0.5005.63)
Stacktrace:
Backtrace:
	Ordinal0 [0x0059D953+2414931]
	Ordinal0 [0x0052F5E1+1963489]
	Ordinal0 [0x0041C6B8+837304]
	Ordinal0 [0x00449500+1021184]
	Ordinal0 [0x0044979B+1021851]
	Ordinal0 [0x00476502+1205506]
	Ordinal0 [0x004644E4+1131748]
	Ordinal0 [0x00474812+1198098]
	Ordinal0 [0x004642B6+1131190]
	Ordinal0 [0x0043E860+976992]
	Ordinal0 [0x0043F756+980822]
	GetHandleVerifier [0x0080CC62+2510274]
	GetHandleVerifier [0x007FF760+2455744]
	GetHandleVerifier [0x0062EABA+551962]
	GetHandleVerifier [0x0062D916+547446]
	Ordinal0 [0x00535F3B+1990459]
	Ordinal0 [0x0053A898+2009240]
	Ordinal0 [0x0053A985+2009477]
	Ordinal0 [0x00543AD1+2046673]
	BaseThreadInitThunk [0x7691FA29+25]
	RtlGetAppContainerNamedObjectPath [0x77C07A9E+286]
	RtlGetAppContainerNamedObjectPath [0x77C07A6E+238]
.
Restarting the programming...
2022-06-24 07:22:16,879 - (levelerror: CRITICAL): Something went wrong with SELENIUM: Message: no such element: Unable to locate element: {"method":"xpath","selector":"/html/body/table/tbody/tr[1]/td/table[2]/tbody/tr[2]/td[1]"}
  (Session info: headless chrome=102.0.5005.63)
Stacktrace:
Backtrace:
	Ordinal0 [0x0059D953+2414931]
	Ordinal0 [0x0052F5E1+1963489]
	Ordinal0 [0x0041C6B8+837304]
	Ordinal0 [0x00449500+1021184]
	Ordinal0 [0x0044979B+1021851]
	Ordinal0 [0x00476502+1205506]
	Ordinal0 [0x004644E4+1131748]
	Ordinal0 [0x00474812+1198098]
	Ordinal0 [0x004642B6+1131190]
	Ordinal0 [0x0043E860+976992]
	Ordinal0 [0x0043F756+980822]
	GetHandleVerifier [0x0080CC62+2510274]
	GetHandleVerifier [0x007FF760+2455744]
	GetHandleVerifier [0x0062EABA+551962]
	GetHandleVerifier [0x0062D916+547446]
	Ordinal0 [0x00535F3B+1990459]
	Ordinal0 [0x0053A898+2009240]
	Ordinal0 [0x0053A985+2009477]
	Ordinal0 [0x00543AD1+2046673]
	BaseThreadInitThunk [0x7691FA29+25]
	RtlGetAppContainerNamedObjectPath [0x77C07A9E+286]
	RtlGetAppContainerNamedObjectPath [0x77C07A6E+238]
.
Restarting the programming...
2022-06-24 07:26:56,012 - (levelerror: ERROR): Hostname:HRPL-74121.saude.df.gov.br - Ping error: Command '['ping', 'HRPL-74121.saude.df.gov.br']' returned non-zero exit status 1.
2022-06-24 07:27:35,515 - (levelerror: ERROR): Hostname:HRPL-74111.saude.df.gov.br - Ping error: Command '['ping', 'HRPL-74111.saude.df.gov.br']' returned non-zero exit status 1.
2022-06-24 07:35:06,136 - (levelerror: CRITICAL): Something went wrong with SELENIUM: Message: no such element: Unable to locate element: {"method":"xpath","selector":"/html/body/table/tbody/tr[1]/td/table[2]/tbody/tr[2]/td[1]"}
  (Session info: headless chrome=102.0.5005.63)
Stacktrace:
Backtrace:
	Ordinal0 [0x0059D953+2414931]
	Ordinal0 [0x0052F5E1+1963489]
	Ordinal0 [0x0041C6B8+837304]
	Ordinal0 [0x00449500+1021184]
	Ordinal0 [0x0044979B+1021851]
	Ordinal0 [0x00476502+1205506]
	Ordinal0 [0x004644E4+1131748]
	Ordinal0 [0x00474812+1198098]
	Ordinal0 [0x004642B6+1131190]
	Ordinal0 [0x0043E860+976992]
	Ordinal0 [0x0043F756+980822]
	GetHandleVerifier [0x0080CC62+2510274]
	GetHandleVerifier [0x007FF760+2455744]
	GetHandleVerifier [0x0062EABA+551962]
	GetHandleVerifier [0x0062D916+547446]
	Ordinal0 [0x00535F3B+1990459]
	Ordinal0 [0x0053A898+2009240]
	Ordinal0 [0x0053A985+2009477]
	Ordinal0 [0x00543AD1+2046673]
	BaseThreadInitThunk [0x7691FA29+25]
	RtlGetAppContainerNamedObjectPath [0x77C07A9E+286]
	RtlGetAppContainerNamedObjectPath [0x77C07A6E+238]
.
Restarting the programming...
2022-06-24 08:14:13,079 - (levelerror: CRITICAL): Unexpected error!.
Error: time data 'Sex 24 Jun 2022 08:14:12' does not match format '%a %d %b %Y %H:%M:%S'
2022-06-24 08:19:48,150 - (levelerror: CRITICAL): Unexpected error!.
Error: time data 'Sex-24-Jun-2022-08:19:48' does not match format '%a-%d-%b-%Y-%H:%M:%S'
2022-06-24 08:21:02,324 - (levelerror: CRITICAL): Unexpected error!.
Error: time data 'Sex' does not match format '%a'
2022-06-24 08:29:45,217 - (levelerror: CRITICAL): Unexpected error!.
Error: time data 'S' does not match format '%a %d %b %Y %H:%M:%S'
2022-06-24 08:54:35,575 - (levelerror: ERROR): Release not sucessed, something is wrong.
All jobs will be canceled
2022-06-24 08:54:36,575 - (levelerror: ERROR): Release button NOT FOUND, exiting the fuction
2022-06-24 08:59:38,562 - (levelerror: CRITICAL): Something went wrong with SELENIUM: Message: no such element: Unable to locate element: {"method":"xpath","selector":"/html/body/table/tbody/tr[1]/td/div[1]/table/tbody/tr[2]/td"}
  (Session info: headless chrome=102.0.5005.63)
Stacktrace:
Backtrace:
	Ordinal0 [0x0059D953+2414931]
	Ordinal0 [0x0052F5E1+1963489]
	Ordinal0 [0x0041C6B8+837304]
	Ordinal0 [0x00449500+1021184]
	Ordinal0 [0x0044979B+1021851]
	Ordinal0 [0x00476502+1205506]
	Ordinal0 [0x004644E4+1131748]
	Ordinal0 [0x00474812+1198098]
	Ordinal0 [0x004642B6+1131190]
	Ordinal0 [0x0043E860+976992]
	Ordinal0 [0x0043F756+980822]
	GetHandleVerifier [0x0080CC62+2510274]
	GetHandleVerifier [0x007FF760+2455744]
	GetHandleVerifier [0x0062EABA+551962]
	GetHandleVerifier [0x0062D916+547446]
	Ordinal0 [0x00535F3B+1990459]
	Ordinal0 [0x0053A898+2009240]
	Ordinal0 [0x0053A985+2009477]
	Ordinal0 [0x00543AD1+2046673]
	BaseThreadInitThunk [0x7691FA29+25]
	RtlGetAppContainerNamedObjectPath [0x77C07A9E+286]
	RtlGetAppContainerNamedObjectPath [0x77C07A6E+238]
.
Restarting the programming...
2022-06-24 08:59:43,731 - (levelerror: CRITICAL): Something went wrong with SELENIUM: Message: no such element: Unable to locate element: {"method":"xpath","selector":"/html/body/table/tbody/tr[1]/td/div[1]/table/tbody/tr[2]/td"}
  (Session info: headless chrome=102.0.5005.63)
Stacktrace:
Backtrace:
	Ordinal0 [0x0059D953+2414931]
	Ordinal0 [0x0052F5E1+1963489]
	Ordinal0 [0x0041C6B8+837304]
	Ordinal0 [0x00449500+1021184]
	Ordinal0 [0x0044979B+1021851]
	Ordinal0 [0x00476502+1205506]
	Ordinal0 [0x004644E4+1131748]
	Ordinal0 [0x00474812+1198098]
	Ordinal0 [0x004642B6+1131190]
	Ordinal0 [0x0043E860+976992]
	Ordinal0 [0x0043F756+980822]
	GetHandleVerifier [0x0080CC62+2510274]
	GetHandleVerifier [0x007FF760+2455744]
	GetHandleVerifier [0x0062EABA+551962]
	GetHandleVerifier [0x0062D916+547446]
	Ordinal0 [0x00535F3B+1990459]
	Ordinal0 [0x0053A898+2009240]
	Ordinal0 [0x0053A985+2009477]
	Ordinal0 [0x00543AD1+2046673]
	BaseThreadInitThunk [0x7691FA29+25]
	RtlGetAppContainerNamedObjectPath [0x77C07A9E+286]
	RtlGetAppContainerNamedObjectPath [0x77C07A6E+238]
.
Restarting the programming...
2022-06-24 08:59:48,929 - (levelerror: CRITICAL): Something went wrong with SELENIUM: Message: no such element: Unable to locate element: {"method":"xpath","selector":"/html/body/table/tbody/tr[1]/td/div[1]/table/tbody/tr[2]/td"}
  (Session info: headless chrome=102.0.5005.63)
Stacktrace:
Backtrace:
	Ordinal0 [0x0059D953+2414931]
	Ordinal0 [0x0052F5E1+1963489]
	Ordinal0 [0x0041C6B8+837304]
	Ordinal0 [0x00449500+1021184]
	Ordinal0 [0x0044979B+1021851]
	Ordinal0 [0x00476502+1205506]
	Ordinal0 [0x004644E4+1131748]
	Ordinal0 [0x00474812+1198098]
	Ordinal0 [0x004642B6+1131190]
	Ordinal0 [0x0043E860+976992]
	Ordinal0 [0x0043F756+980822]
	GetHandleVerifier [0x0080CC62+2510274]
	GetHandleVerifier [0x007FF760+2455744]
	GetHandleVerifier [0x0062EABA+551962]
	GetHandleVerifier [0x0062D916+547446]
	Ordinal0 [0x00535F3B+1990459]
	Ordinal0 [0x0053A898+2009240]
	Ordinal0 [0x0053A985+2009477]
	Ordinal0 [0x00543AD1+2046673]
	BaseThreadInitThunk [0x7691FA29+25]
	RtlGetAppContainerNamedObjectPath [0x77C07A9E+286]
	RtlGetAppContainerNamedObjectPath [0x77C07A6E+238]
.
Restarting the programming...
2022-06-24 08:59:54,113 - (levelerror: CRITICAL): Something went wrong with SELENIUM: Message: no such element: Unable to locate element: {"method":"xpath","selector":"/html/body/table/tbody/tr[1]/td/div[1]/table/tbody/tr[2]/td"}
  (Session info: headless chrome=102.0.5005.63)
Stacktrace:
Backtrace:
	Ordinal0 [0x0059D953+2414931]
	Ordinal0 [0x0052F5E1+1963489]
	Ordinal0 [0x0041C6B8+837304]
	Ordinal0 [0x00449500+1021184]
	Ordinal0 [0x0044979B+1021851]
	Ordinal0 [0x00476502+1205506]
	Ordinal0 [0x004644E4+1131748]
	Ordinal0 [0x00474812+1198098]
	Ordinal0 [0x004642B6+1131190]
	Ordinal0 [0x0043E860+976992]
	Ordinal0 [0x0043F756+980822]
	GetHandleVerifier [0x0080CC62+2510274]
	GetHandleVerifier [0x007FF760+2455744]
	GetHandleVerifier [0x0062EABA+551962]
	GetHandleVerifier [0x0062D916+547446]
	Ordinal0 [0x00535F3B+1990459]
	Ordinal0 [0x0053A898+2009240]
	Ordinal0 [0x0053A985+2009477]
	Ordinal0 [0x00543AD1+2046673]
	BaseThreadInitThunk [0x7691FA29+25]
	RtlGetAppContainerNamedObjectPath [0x77C07A9E+286]
	RtlGetAppContainerNamedObjectPath [0x77C07A6E+238]
.
Restarting the programming...
2022-06-24 08:59:59,279 - (levelerror: CRITICAL): Something went wrong with SELENIUM: Message: no such element: Unable to locate element: {"method":"xpath","selector":"/html/body/table/tbody/tr[1]/td/div[1]/table/tbody/tr[2]/td"}
  (Session info: headless chrome=102.0.5005.63)
Stacktrace:
Backtrace:
	Ordinal0 [0x0059D953+2414931]
	Ordinal0 [0x0052F5E1+1963489]
	Ordinal0 [0x0041C6B8+837304]
	Ordinal0 [0x00449500+1021184]
	Ordinal0 [0x0044979B+1021851]
	Ordinal0 [0x00476502+1205506]
	Ordinal0 [0x004644E4+1131748]
	Ordinal0 [0x00474812+1198098]
	Ordinal0 [0x004642B6+1131190]
	Ordinal0 [0x0043E860+976992]
	Ordinal0 [0x0043F756+980822]
	GetHandleVerifier [0x0080CC62+2510274]
	GetHandleVerifier [0x007FF760+2455744]
	GetHandleVerifier [0x0062EABA+551962]
	GetHandleVerifier [0x0062D916+547446]
	Ordinal0 [0x00535F3B+1990459]
	Ordinal0 [0x0053A898+2009240]
	Ordinal0 [0x0053A985+2009477]
	Ordinal0 [0x00543AD1+2046673]
	BaseThreadInitThunk [0x7691FA29+25]
	RtlGetAppContainerNamedObjectPath [0x77C07A9E+286]
	RtlGetAppContainerNamedObjectPath [0x77C07A6E+238]
.
Restarting the programming...
2022-06-24 09:00:06,969 - (levelerror: CRITICAL): Something went wrong with SELENIUM: Message: no such element: Unable to locate element: {"method":"xpath","selector":"/html/body/table/tbody/tr[1]/td/div[1]/table/tbody/tr[2]/td"}
  (Session info: headless chrome=102.0.5005.63)
Stacktrace:
Backtrace:
	Ordinal0 [0x0059D953+2414931]
	Ordinal0 [0x0052F5E1+1963489]
	Ordinal0 [0x0041C6B8+837304]
	Ordinal0 [0x00449500+1021184]
	Ordinal0 [0x0044979B+1021851]
	Ordinal0 [0x00476502+1205506]
	Ordinal0 [0x004644E4+1131748]
	Ordinal0 [0x00474812+1198098]
	Ordinal0 [0x004642B6+1131190]
	Ordinal0 [0x0043E860+976992]
	Ordinal0 [0x0043F756+980822]
	GetHandleVerifier [0x0080CC62+2510274]
	GetHandleVerifier [0x007FF760+2455744]
	GetHandleVerifier [0x0062EABA+551962]
	GetHandleVerifier [0x0062D916+547446]
	Ordinal0 [0x00535F3B+1990459]
	Ordinal0 [0x0053A898+2009240]
	Ordinal0 [0x0053A985+2009477]
	Ordinal0 [0x00543AD1+2046673]
	BaseThreadInitThunk [0x7691FA29+25]
	RtlGetAppContainerNamedObjectPath [0x77C07A9E+286]
	RtlGetAppContainerNamedObjectPath [0x77C07A6E+238]
.
Restarting the programming...
